\BOOKMARK [0][-]{Doc-Start}{\376\377\000\101\000\143\000\153\000\156\000\157\000\167\000\154\000\145\000\144\000\147\000\145\000\155\000\145\000\156\000\164\000\163}{}% 1
\BOOKMARK [0][-]{chapter.1}{\376\377\000\111\000\156\000\164\000\162\000\157\000\144\000\165\000\143\000\164\000\151\000\157\000\156}{}% 2
\BOOKMARK [1][-]{section.1.1}{\376\377\000\117\000\142\000\152\000\145\000\143\000\164\000\151\000\166\000\145\000\163\000\040\000\157\000\146\000\040\000\164\000\150\000\151\000\163\000\040\000\124\000\150\000\145\000\163\000\151\000\163}{chapter.1}% 3
\BOOKMARK [1][-]{section.1.2}{\376\377\000\122\000\157\000\142\000\157\000\164\000\151\000\143\000\040\000\101\000\163\000\163\000\151\000\163\000\164\000\145\000\144\000\040\000\115\000\151\000\156\000\151\000\155\000\141\000\154\000\154\000\171\000\040\000\111\000\156\000\166\000\141\000\163\000\151\000\166\000\145\000\040\000\123\000\165\000\162\000\147\000\145\000\162\000\171}{chapter.1}% 4
\BOOKMARK [1][-]{section.1.3}{\376\377\000\117\000\165\000\164\000\154\000\151\000\156\000\145}{chapter.1}% 5
\BOOKMARK [0][-]{chapter.2}{\376\377\000\102\000\141\000\143\000\153\000\147\000\162\000\157\000\165\000\156\000\144}{}% 6
\BOOKMARK [1][-]{section.2.1}{\376\377\000\115\000\145\000\143\000\150\000\141\000\156\000\151\000\143\000\141\000\154\000\040\000\104\000\145\000\163\000\151\000\147\000\156}{chapter.2}% 7
\BOOKMARK [1][-]{section.2.2}{\376\377\000\106\000\157\000\162\000\167\000\141\000\162\000\144\000\040\000\113\000\151\000\156\000\145\000\155\000\141\000\164\000\151\000\143\000\163}{chapter.2}% 8
\BOOKMARK [1][-]{section.2.3}{\376\377\000\111\000\156\000\166\000\145\000\162\000\163\000\145\000\040\000\113\000\151\000\156\000\145\000\155\000\141\000\164\000\151\000\143\000\163}{chapter.2}% 9
\BOOKMARK [2][-]{subsection.2.3.1}{\376\377\000\124\000\150\000\145\000\040\000\112\000\141\000\143\000\157\000\142\000\151\000\141\000\156\000\040\000\115\000\141\000\164\000\162\000\151\000\170\000\040\000\141\000\156\000\144\000\040\000\164\000\150\000\145\000\040\000\112\000\141\000\143\000\157\000\142\000\151\000\141\000\156\000\040\000\120\000\163\000\145\000\165\000\144\000\157\000\151\000\156\000\166\000\145\000\162\000\163\000\145}{section.2.3}% 10
\BOOKMARK [1][-]{section.2.4}{\376\377\000\124\000\150\000\145\000\040\000\126\000\055\000\122\000\105\000\120\000\040\000\123\000\151\000\155\000\165\000\154\000\141\000\164\000\151\000\157\000\156\000\040\000\105\000\156\000\166\000\151\000\162\000\157\000\156\000\155\000\145\000\156\000\164}{chapter.2}% 11
\BOOKMARK [2][-]{subsection.2.4.1}{\376\377\000\111\000\156\000\164\000\162\000\157\000\144\000\165\000\143\000\164\000\151\000\157\000\156\000\040\000\164\000\157\000\040\000\126\000\055\000\122\000\105\000\120}{section.2.4}% 12
\BOOKMARK [2][-]{subsection.2.4.2}{\376\377\000\104\000\141\000\155\000\160\000\145\000\156\000\145\000\144\000\040\000\114\000\145\000\141\000\163\000\164\000\040\000\123\000\161\000\165\000\141\000\162\000\145\000\163}{section.2.4}% 13
\BOOKMARK [0][-]{chapter.3}{\376\377\000\115\000\145\000\164\000\150\000\157\000\144}{}% 14
\BOOKMARK [1][-]{section.3.1}{\376\377\000\122\000\145\000\155\000\157\000\164\000\145\000\040\000\103\000\145\000\156\000\164\000\145\000\162\000\040\000\157\000\146\000\040\000\115\000\157\000\164\000\151\000\157\000\156\000\040\000\103\000\157\000\156\000\163\000\164\000\162\000\141\000\151\000\156\000\164}{chapter.3}% 15
\BOOKMARK [1][-]{section.3.2}{\376\377\000\103\000\157\000\156\000\164\000\162\000\157\000\154\000\154\000\145\000\162\000\040\000\104\000\145\000\163\000\151\000\147\000\156}{chapter.3}% 16
\BOOKMARK [1][-]{section.3.3}{\376\377\000\103\000\157\000\156\000\164\000\162\000\157\000\154\000\040\000\114\000\157\000\157\000\160}{chapter.3}% 17
\BOOKMARK [1][-]{section.3.4}{\376\377\000\115\000\145\000\141\000\163\000\165\000\162\000\151\000\156\000\147\000\040\000\164\000\150\000\145\000\040\000\101\000\143\000\143\000\165\000\162\000\141\000\143\000\171\000\040\000\157\000\146\000\040\000\164\000\150\000\145\000\040\000\122\000\103\000\115\000\040\000\160\000\157\000\163\000\151\000\164\000\151\000\157\000\156}{chapter.3}% 18
\BOOKMARK [1][-]{section.3.5}{\376\377\000\115\000\157\000\144\000\145\000\154\000\154\000\151\000\156\000\147\000\040\000\164\000\150\000\145\000\040\000\123\000\165\000\162\000\147\000\151\000\143\000\141\000\154\000\040\000\122\000\157\000\142\000\157\000\164\000\040\000\151\000\156\000\040\000\126\000\055\000\122\000\105\000\120}{chapter.3}% 19
\BOOKMARK [2][-]{subsection.3.5.1}{\376\377\000\104\000\145\000\146\000\151\000\156\000\151\000\156\000\147\000\040\000\164\000\150\000\145\000\040\000\111\000\156\000\166\000\145\000\162\000\163\000\145\000\040\000\113\000\151\000\156\000\145\000\155\000\141\000\164\000\151\000\143\000\040\000\124\000\141\000\163\000\153}{section.3.5}% 20
\BOOKMARK [0][-]{chapter.4}{\376\377\000\122\000\145\000\163\000\165\000\154\000\164\000\163}{}% 21
\BOOKMARK [1][-]{section.4.1}{\376\377\000\101\000\143\000\143\000\165\000\162\000\141\000\143\000\171\000\040\000\157\000\146\000\040\000\164\000\150\000\145\000\040\000\112\000\141\000\143\000\157\000\142\000\151\000\141\000\156\000\040\000\120\000\163\000\145\000\165\000\144\000\157\000\151\000\156\000\166\000\145\000\162\000\163\000\145\000\040\000\115\000\145\000\164\000\150\000\157\000\144}{chapter.4}% 22
\BOOKMARK [2][-]{subsection.4.1.1}{\376\377\000\103\000\150\000\157\000\157\000\163\000\151\000\156\000\147\000\040\000\164\000\150\000\145\000\040\000\115\000\141\000\164\000\162\000\151\000\170\000\040\000\113}{section.4.1}% 23
\BOOKMARK [2][-]{subsection.4.1.2}{\376\377\000\105\000\162\000\162\000\157\000\162\000\040\000\151\000\156\000\040\000\164\000\150\000\145\000\040\000\122\000\103\000\115\000\040\000\120\000\157\000\163\000\151\000\164\000\151\000\157\000\156}{section.4.1}% 24
\BOOKMARK [1][-]{section.4.2}{\376\377\000\101\000\143\000\143\000\165\000\162\000\141\000\143\000\171\000\040\000\157\000\146\000\040\000\164\000\150\000\145\000\040\000\104\000\141\000\155\000\160\000\145\000\156\000\145\000\144\000\040\000\114\000\145\000\141\000\163\000\164\000\040\000\123\000\161\000\165\000\141\000\162\000\145\000\163\000\040\000\115\000\145\000\164\000\150\000\157\000\144}{chapter.4}% 25
\BOOKMARK [0][-]{chapter.5}{\376\377\000\103\000\157\000\156\000\143\000\154\000\165\000\163\000\151\000\157\000\156}{}% 26
\BOOKMARK [0][-]{chapter.6}{\376\377\000\101\000\160\000\160\000\145\000\156\000\144\000\151\000\170}{}% 27
